<?xml version="1.0" encoding="UTF-8"?>
<!-- Generated by org.testng.reporters.JUnitReportReporter -->
<testsuite skipped="0" hostname="DESKTOP-AIA1QLU" name="testCase1.LoginTest" tests="1" failures="0" timestamp="17 Dec 2020 02:23:55 GMT" time="12.925" errors="0">
  <testcase name="launchBrowser" time="12.925" classname="testCase1.LoginTest"/>
</testsuite> <!-- testCase1.LoginTest -->
